{"name": "test_guest_cant_see_success_message_after_adding_product_to_basket", "status": "skipped", "statusDetails": {"message": "XFAIL\n\nAssertionError: Success message is presented, but should not be", "trace": "browser = <selenium.webdriver.chrome.webdriver.WebDriver (session=\"57435bd9404561ad91bbb7ef75716468\")>\n\n    @pytest.mark.xfail\n    def test_guest_cant_see_success_message_after_adding_product_to_basket(browser):\n        browser.implicitly_wait(10)\n        link = \"http://selenium1py.pythonanywhere.com/catalogue/coders-at-work_207/?promo=offer\"\n        page = ProductPage(browser,link)\n        page.open()\n        page.add_to_cart()\n        page.solve_quiz_and_get_code()\n>       page.should_not_be_success_message()\n\ntest_product_page.py:29: \n_ _ _ _ _ _ _ _ _ _ _ _ _ _ _ _ _ _ _ _ _ _ _ _ _ _ _ _ _ _ _ _ _ _ _ _ _ _ _ _ _ _ _ _ _ _ _ _ _ _ _ _ _ _ _ \n\nself = <PageObject.pages.product_page.ProductPage object at 0x713423ed9760>\n\n    def should_not_be_success_message(self):\n>       assert self.is_not_element_present(*ProductPageLocators.MESSAGE_ADD_TO_CART), \\\n            \"Success message is presented, but should not be\"\nE       AssertionError: Success message is presented, but should not be\n\npages/product_page.py:23: AssertionError"}, "attachments": [{"name": "stdout", "source": "92a8a4fe-0ce7-4f4b-8143-6d2a5bab4dd3-attachment.txt", "type": "text/plain"}], "start": 1747471303109, "stop": 1747471308023, "uuid": "2c700e68-f4d2-4d6c-b5d4-19a5ee5797b6", "historyId": "1c8a9198cae72a413cddcfb1096300dc", "testCaseId": "1c8a9198cae72a413cddcfb1096300dc", "fullName": "test_product_page#test_guest_cant_see_success_message_after_adding_product_to_basket", "labels": [{"name": "tag", "value": "@pytest.mark.xfail"}, {"name": "suite", "value": "test_product_page"}, {"name": "host", "value": "ilya"}, {"name": "thread", "value": "15132-MainThread"}, {"name": "framework", "value": "pytest"}, {"name": "language", "value": "cpython3"}, {"name": "package", "value": "test_product_page"}]}