{"name": "test_guest_cant_see_success_message_after_adding_product_to_basket", "status": "skipped", "statusDetails": {"message": "XFAIL\n\nAssertionError: Success message is presented, but should not be", "trace": "browser = <selenium.webdriver.chrome.webdriver.WebDriver (session=\"05d07b0dccaee135186cf92cbf435380\")>\n\n    @pytest.mark.xfail\n    def test_guest_cant_see_success_message_after_adding_product_to_basket(browser):\n        browser.implicitly_wait(10)\n        link = \"http://selenium1py.pythonanywhere.com/catalogue/coders-at-work_207/?promo=offer\"\n        page = ProductPage(browser,link)\n        page.open()\n        page.add_to_cart()\n        page.solve_quiz_and_get_code()\n>       page.should_not_be_success_message()\n\ntest_product_page.py:29: \n_ _ _ _ _ _ _ _ _ _ _ _ _ _ _ _ _ _ _ _ _ _ _ _ _ _ _ _ _ _ _ _ _ _ _ _ _ _ _ _ _ _ _ _ _ _ _ _ _ _ _ _ _ _ _ \n\nself = <PageObject.pages.product_page.ProductPage object at 0x7679df760560>\n\n    def should_not_be_success_message(self):\n>       assert self.is_not_element_present(*ProductPageLocators.MESSAGE_ADD_TO_CART), \\\n            \"Success message is presented, but should not be\"\nE       AssertionError: Success message is presented, but should not be\n\npages/product_page.py:23: AssertionError"}, "attachments": [{"name": "stdout", "source": "5410e072-ff61-4930-b33c-d69ffda3382c-attachment.txt", "type": "text/plain"}], "start": 1747468544905, "stop": 1747468553887, "uuid": "70b30a4f-8d54-4a6b-8360-dcbce06bcdaa", "historyId": "1c8a9198cae72a413cddcfb1096300dc", "testCaseId": "1c8a9198cae72a413cddcfb1096300dc", "fullName": "test_product_page#test_guest_cant_see_success_message_after_adding_product_to_basket", "labels": [{"name": "tag", "value": "@pytest.mark.xfail"}, {"name": "suite", "value": "test_product_page"}, {"name": "host", "value": "ilya"}, {"name": "thread", "value": "4802-MainThread"}, {"name": "framework", "value": "pytest"}, {"name": "language", "value": "cpython3"}, {"name": "package", "value": "test_product_page"}]}